  AudioSystem.cpp
  Clock.cpp
  DebugRenderSystem.cpp
  DevConsole.cpp
  EngineCommon.cpp
  EventSystem.cpp
  TileHeatMap.cpp
  NamedStrings.cpp
  Rgba8.cpp
  VertexUtils.cpp
  XmlUtils.cpp
  AnalogJoystick.cpp
  InputSystem.cpp
  XboxController.cpp
  AABB2.cpp
  CubicBezierCurve2D.cpp
  CubicHermiteCurve2D.cpp
  CubicHermiteSpline2D.cpp
  Easing.cpp
  EulerAngles.cpp
  Compiling...
  IntVec2.cpp
  Mat44.cpp
  MathUtils.cpp
  OBB2.cpp
  OBB3.cpp
  Plane3.cpp
  RaycastUtils.cpp
  Vec2.cpp
  Vec3.cpp
  BitmapFont.cpp
  Camera.cpp
  CubeSkyBox.cpp
  PointLight.cpp
  Renderer.cpp
  Shader.cpp
  SpotLight.cpp
  SpriteAnimDefinition.cpp
  Window.cpp
  Engine.vcxproj -> C:\p4\Personal\SD\Starship\Temporary\Engine_x64_Release\Engine.lib
