c:\p4\personal\sd\starship\temporary\engine_x64_release\engine.pdb
c:\p4\personal\sd\starship\temporary\engine_x64_release\renderer.obj
c:\p4\personal\sd\starship\temporary\engine_x64_release\camera.obj
c:\p4\personal\sd\starship\temporary\engine_x64_release\vec3.obj
c:\p4\personal\sd\starship\temporary\engine_x64_release\vec2.obj
c:\p4\personal\sd\starship\temporary\engine_x64_release\randomnumbergenerator.obj
c:\p4\personal\sd\starship\temporary\engine_x64_release\mathutils.obj
c:\p4\personal\sd\starship\temporary\engine_x64_release\vertex_pcu.obj
c:\p4\personal\sd\starship\temporary\engine_x64_release\vertexutils.obj
c:\p4\personal\sd\starship\temporary\engine_x64_release\stringutils.obj
c:\p4\personal\sd\starship\temporary\engine_x64_release\rgba8.obj
c:\p4\personal\sd\starship\temporary\engine_x64_release\errorwarningassert.obj
c:\p4\personal\sd\starship\temporary\engine_x64_release\engine.lib
c:\p4\personal\sd\starship\temporary\engine_x64_release\engine.vcxproj.filelistabsolute.txt
c:\p4\personal\sd\starship\temporary\engine_x64_release\engine.tlog\cl.command.1.tlog
c:\p4\personal\sd\starship\temporary\engine_x64_release\engine.tlog\cl.items.tlog
c:\p4\personal\sd\starship\temporary\engine_x64_release\engine.tlog\cl.read.1.tlog
c:\p4\personal\sd\starship\temporary\engine_x64_release\engine.tlog\cl.write.1.tlog
c:\p4\personal\sd\starship\temporary\engine_x64_release\engine.tlog\lib-link.read.1.tlog
c:\p4\personal\sd\starship\temporary\engine_x64_release\engine.tlog\lib-link.write.1.tlog
c:\p4\personal\sd\starship\temporary\engine_x64_release\engine.tlog\lib.command.1.tlog
