  App.cpp
  Asteroid.cpp
  Beetle.cpp
  BkgStar.cpp
  Bullet.cpp
  Canon.cpp
  Debris.cpp
  EnemyBullet.cpp
  Entity.cpp
  ExplosionBullet.cpp
  Game.cpp
  GameCommon.cpp
  LaserExplosionCanon.cpp
  LightSaber.cpp
  Main_Windows.cpp
  PlayerShip.cpp
  ShootWasp.cpp
  Turret.cpp
  Wasp.cpp
  Generating code
  Previous IPDB not found, fall back to full compilation.
  All 2125 functions were compiled because no usable IPDB/IOBJ from previous compilation was found.
  Finished generating code
  Game.vcxproj -> C:\p4\Personal\SD\Starship\Temporary\Starship_x64_Release\Starship_Release_x64.exe
  Copying Starship_Release_x64.exe to C:\p4\Personal\SD\Starship\Run...
  C:\p4\Personal\SD\Starship\Temporary\Starship_x64_Release\Starship_Release_x64.exe -> C:\p4\Personal\SD\Starship\Run\Starship_Release_x64.exe
  1 File(s) copied
