c:\p4\personal\sd\starship\temporary\starship_x64_release\vc143.pdb
c:\p4\personal\sd\starship\temporary\starship_x64_release\playership.obj
c:\p4\personal\sd\starship\temporary\starship_x64_release\main_windows.obj
c:\p4\personal\sd\starship\temporary\starship_x64_release\gamecommon.obj
c:\p4\personal\sd\starship\temporary\starship_x64_release\game.obj
c:\p4\personal\sd\starship\temporary\starship_x64_release\entity.obj
c:\p4\personal\sd\starship\temporary\starship_x64_release\bullet.obj
c:\p4\personal\sd\starship\temporary\starship_x64_release\app.obj
c:\p4\personal\sd\starship\temporary\starship_x64_release\asteroid.obj
c:\p4\personal\sd\starship\temporary\starship_x64_release\starship_release_x64.exe
c:\p4\personal\sd\starship\temporary\starship_x64_release\starship_release_x64.pdb
c:\p4\personal\sd\starship\temporary\starship_x64_release\starship_release_x64.ipdb
c:\p4\personal\sd\starship\temporary\starship_x64_release\starship_release_x64.iobj
c:\p4\personal\sd\starship\temporary\starship_x64_release\game.vcxproj.filelistabsolute.txt
c:\p4\personal\sd\starship\temporary\starship_x64_release\starship.tlog\cl.command.1.tlog
c:\p4\personal\sd\starship\temporary\starship_x64_release\starship.tlog\cl.items.tlog
c:\p4\personal\sd\starship\temporary\starship_x64_release\starship.tlog\cl.read.1.tlog
c:\p4\personal\sd\starship\temporary\starship_x64_release\starship.tlog\cl.write.1.tlog
c:\p4\personal\sd\starship\temporary\starship_x64_release\starship.tlog\link.command.1.tlog
c:\p4\personal\sd\starship\temporary\starship_x64_release\starship.tlog\link.read.1.tlog
c:\p4\personal\sd\starship\temporary\starship_x64_release\starship.tlog\link.secondary.1.tlog
c:\p4\personal\sd\starship\temporary\starship_x64_release\starship.tlog\link.write.1.tlog
